812 extreme rays
50 support hyperplanes

f-vector:
1 812 8275 28480 47255 42650 21610 5980 830 50 1 

embedding dimension = 10
rank = 10 (maximal)
external index = 1


***********************************************************************

50 support hyperplanes:
 -1  0  0  0  0  2  0  0  0  0
 -1  0  0  0  1  0  1  0  0  0
 -1  0  0  1  0  0  0  1  0  0
 -1  0  1  0  0  0  0  0  1  0
 -1  1  0  0  0  0  0  0  0  1
  0 -1  0  0  0  1  1  0  0  0
  0 -1  0  0  1  0  0  1  0  0
  0 -1  0  1  0  0  0  0  1  0
  0 -1  1  0  0  0  0  0  0  1
  0  0 -1  0  0  0  2  0  0  0
  0  0 -1  0  0  1  0  1  0  0
  0  0 -1  0  1  0  0  0  1  0
  0  0 -1  1  0  0  0  0  0  1
  0  0  0 -1  0  0  1  1  0  0
  0  0  0 -1  0  1  0  0  1  0
  0  0  0 -1  1  0  0  0  0  1
  0  0  0  0 -1  0  0  2  0  0
  0  0  0  0 -1  0  1  0  1  0
  0  0  0  0 -1  1  0  0  0  1
  0  0  0  0  0 -1  0  1  1  0
  0  0  0  0  0 -1  1  0  0  1
  0  0  0  0  0  0 -1  0  2  0
  0  0  0  0  0  0 -1  1  0  1
  0  0  0  0  0  0  0 -1  1  1
  0  0  0  0  0  0  0  0 -1  2
  0  0  0  0  2  0  0  0  0 -1
  0  0  0  1  0  1  0  0  0 -1
  0  0  0  1  1  0  0  0 -1  0
  0  0  0  2  0  0  0 -1  0  0
  0  0  1  0  0  0  1  0  0 -1
  0  0  1  0  0  1  0  0 -1  0
  0  0  1  0  1  0  0 -1  0  0
  0  0  1  1  0  0 -1  0  0  0
  0  0  2  0  0 -1  0  0  0  0
  0  1  0  0  0  0  0  1  0 -1
  0  1  0  0  0  0  1  0 -1  0
  0  1  0  0  0  1  0 -1  0  0
  0  1  0  0  1  0 -1  0  0  0
  0  1  0  1  0 -1  0  0  0  0
  0  1  1  0 -1  0  0  0  0  0
  0  2  0 -1  0  0  0  0  0  0
  1  0  0  0  0  0  0  0  1 -1
  1  0  0  0  0  0  0  1 -1  0
  1  0  0  0  0  0  1 -1  0  0
  1  0  0  0  0  1 -1  0  0  0
  1  0  0  0  1 -1  0  0  0  0
  1  0  0  1 -1  0  0  0  0  0
  1  0  1 -1  0  0  0  0  0  0
  1  1 -1  0  0  0  0  0  0  0
  2 -1  0  0  0  0  0  0  0  0

