30 extreme rays
18 support hyperplanes

f-vector:
1 30 114 152 84 18 1

embedding dimension = 6
rank = 6 (maximal)
external index = 1


***********************************************************************

18 support hyperplanes:
 -1  0  0  2  0  0
 -1  0  1  0  1  0
 -1  1  0  0  0  1
  0 -1  0  1  1  0
  0 -1  1  0  0  1
  0  0 -1  0  2  0
  0  0 -1  1  0  1
  0  0  0 -1  1  1
  0  0  0  0 -1  2
  0  0  2  0  0 -1
  0  1  0  1  0 -1
  0  1  1  0 -1  0
  0  2  0 -1  0  0
  1  0  0  0  1 -1
  1  0  0  1 -1  0
  1  0  1 -1  0  0
  1  1 -1  0  0  0
  2 -1  0  0  0  0

