47 extreme rays
24 support hyperplanes

f-vector:
1 47 247 468 402 158 24 1 

embedding dimension = 7
rank = 7 (maximal)
external index = 1


***********************************************************************

24 support hyperplanes:
 -1  0  0  1  1  0  0
 -1  0  1  0  0  1  0
 -1  1  0  0  0  0  1
  0 -1  0  0  2  0  0
  0 -1  0  1  0  1  0
  0 -1  1  0  0  0  1
  0  0 -1  0  1  1  0
  0  0 -1  1  0  0  1
  0  0  0 -1  0  2  0
  0  0  0 -1  1  0  1
  0  0  0  0 -1  1  1
  0  0  0  0  0 -1  2
  0  0  1  1  0  0 -1
  0  0  2  0  0 -1  0
  0  1  0  0  1  0 -1
  0  1  0  1  0 -1  0
  0  1  1  0 -1  0  0
  0  2  0 -1  0  0  0
  1  0  0  0  0  1 -1
  1  0  0  0  1 -1  0
  1  0  0  1 -1  0  0
  1  0  1 -1  0  0  0
  1  1 -1  0  0  0  0
  2 -1  0  0  0  0  0

