122 extreme rays
32 support hyperplanes

f-vector:
1 122 826 1934 2120 1166 306 32 1 

embedding dimension = 8
rank = 8 (maximal)
external index = 1


***********************************************************************

32 support hyperplanes:
 -1  0  0  0  2  0  0  0
 -1  0  0  1  0  1  0  0
 -1  0  1  0  0  0  1  0
 -1  1  0  0  0  0  0  1
  0 -1  0  0  1  1  0  0
  0 -1  0  1  0  0  1  0
  0 -1  1  0  0  0  0  1
  0  0 -1  0  0  2  0  0
  0  0 -1  0  1  0  1  0
  0  0 -1  1  0  0  0  1
  0  0  0 -1  0  1  1  0
  0  0  0 -1  1  0  0  1
  0  0  0  0 -1  0  2  0
  0  0  0  0 -1  1  0  1
  0  0  0  0  0 -1  1  1
  0  0  0  0  0  0 -1  2
  0  0  0  2  0  0  0 -1
  0  0  1  0  1  0  0 -1
  0  0  1  1  0  0 -1  0
  0  0  2  0  0 -1  0  0
  0  1  0  0  0  1  0 -1
  0  1  0  0  1  0 -1  0
  0  1  0  1  0 -1  0  0
  0  1  1  0 -1  0  0  0
  0  2  0 -1  0  0  0  0
  1  0  0  0  0  0  1 -1
  1  0  0  0  0  1 -1  0
  1  0  0  0  1 -1  0  0
  1  0  0  1 -1  0  0  0
  1  0  1 -1  0  0  0  0
  1  1 -1  0  0  0  0  0
  2 -1  0  0  0  0  0  0

